# JRE version: Java(TM) SE Runtime Environment (8.0_101-b13) (build 1.8.0_101-b13)
# Java VM: Java HotSpot(TM) 64-Bit Server VM (25.101-b13 mixed mode linux-amd64 )
Heap:
 PSYoungGen      total 8835072K, used 19746K [0x00007f16f9000000, 0x00007f192f800000, 0x00007f2379000000)
  eden space 8388608K, 0% used [0x00007f16f9000000,0x00007f16f9000000,0x00007f18f9000000)
  from space 446464K, 4% used [0x00007f18f9000000,0x00007f18fa348bd8,0x00007f1914400000)
  to   space 431104K, 0% used [0x00007f1915300000,0x00007f1915300000,0x00007f192f800000)
 ParOldGen       total 2796544K, used 520757K [0x00007efdf9000000, 0x00007efea3b00000, 0x00007f16f9000000)
  object space 2796544K, 18% used [0x00007efdf9000000,0x00007efe18c8d4e0,0x00007efea3b00000)
 Metaspace       used 6214K, capacity 6549K, committed 6656K, reserved 8192K
GC Heap History (10 events):
Event: 7.724 GC heap after
Heap after GC invocations=2 (full 0):
 PSYoungGen      total 2271744K, used 174569K [0x00007f16f9000000, 0x00007f178e500000, 0x00007f2379000000)
  eden space 2097152K, 0% used [0x00007f16f9000000,0x00007f16f9000000,0x00007f1779000000)
  from space 174592K, 99% used [0x00007f1783a80000,0x00007f178e4fa718,0x00007f178e500000)
  to   space 174592K, 0% used [0x00007f1779000000,0x00007f1779000000,0x00007f1783a80000)
 ParOldGen       total 2796544K, used 359490K [0x00007efdf9000000, 0x00007efea3b00000, 0x00007f16f9000000)
  object space 2796544K, 12% used [0x00007efdf9000000,0x00007efe0ef10b58,0x00007efea3b00000)
 Metaspace       used 5963K, capacity 6293K, committed 6400K, reserved 8192K
}
Event: 8.231 GC heap before
{Heap before GC invocations=3 (full 0):
 PSYoungGen      total 2271744K, used 2271721K [0x00007f16f9000000, 0x00007f178e500000, 0x00007f2379000000)
  eden space 2097152K, 100% used [0x00007f16f9000000,0x00007f1779000000,0x00007f1779000000)
  from space 174592K, 99% used [0x00007f1783a80000,0x00007f178e4fa718,0x00007f178e500000)
  to   space 174592K, 0% used [0x00007f1779000000,0x00007f1779000000,0x00007f1783a80000)
 ParOldGen       total 2796544K, used 359490K [0x00007efdf9000000, 0x00007efea3b00000, 0x00007f16f9000000)
  object space 2796544K, 12% used [0x00007efdf9000000,0x00007efe0ef10b58,0x00007efea3b00000)
 Metaspace       used 5996K, capacity 6293K, committed 6400K, reserved 8192K
Event: 8.305 GC heap after
Heap after GC invocations=3 (full 0):
 PSYoungGen      total 2271744K, used 174567K [0x00007f16f9000000, 0x00007f180e500000, 0x00007f2379000000)
  eden space 2097152K, 0% used [0x00007f16f9000000,0x00007f16f9000000,0x00007f1779000000)
  from space 174592K, 99% used [0x00007f1779000000,0x00007f1783a79f50,0x00007f1783a80000)
  to   space 174592K, 0% used [0x00007f1803a80000,0x00007f1803a80000,0x00007f180e500000)
 ParOldGen       total 2796544K, used 372354K [0x00007efdf9000000, 0x00007efea3b00000, 0x00007f16f9000000)
  object space 2796544K, 13% used [0x00007efdf9000000,0x00007efe0fba0b58,0x00007efea3b00000)
 Metaspace       used 5996K, capacity 6293K, committed 6400K, reserved 8192K
}
Event: 8.761 GC heap before
{Heap before GC invocations=4 (full 0):
 PSYoungGen      total 2271744K, used 2271719K [0x00007f16f9000000, 0x00007f180e500000, 0x00007f2379000000)
  eden space 2097152K, 100% used [0x00007f16f9000000,0x00007f1779000000,0x00007f1779000000)
  from space 174592K, 99% used [0x00007f1779000000,0x00007f1783a79f50,0x00007f1783a80000)
  to   space 174592K, 0% used [0x00007f1803a80000,0x00007f1803a80000,0x00007f180e500000)
 ParOldGen       total 2796544K, used 372354K [0x00007efdf9000000, 0x00007efea3b00000, 0x00007f16f9000000)
  object space 2796544K, 13% used [0x00007efdf9000000,0x00007efe0fba0b58,0x00007efea3b00000)
 Metaspace       used 5996K, capacity 6293K, committed 6400K, reserved 8192K
Event: 8.933 GC heap after
Heap after GC invocations=4 (full 0):
 PSYoungGen      total 4368896K, used 170787K [0x00007f16f9000000, 0x00007f180e500000, 0x00007f2379000000)
  eden space 4194304K, 0% used [0x00007f16f9000000,0x00007f16f9000000,0x00007f17f9000000)
  from space 174592K, 97% used [0x00007f1803a80000,0x00007f180e148c18,0x00007f180e500000)
  to   space 174592K, 0% used [0x00007f17f9000000,0x00007f17f9000000,0x00007f1803a80000)
 ParOldGen       total 2796544K, used 372362K [0x00007efdf9000000, 0x00007efea3b00000, 0x00007f16f9000000)
  object space 2796544K, 13% used [0x00007efdf9000000,0x00007efe0fba2b58,0x00007efea3b00000)
 Metaspace       used 5996K, capacity 6293K, committed 6400K, reserved 8192K
}
Event: 11.567 GC heap before
{Heap before GC invocations=5 (full 0):
 PSYoungGen      total 4368896K, used 4365091K [0x00007f16f9000000, 0x00007f180e500000, 0x00007f2379000000)
  eden space 4194304K, 100% used [0x00007f16f9000000,0x00007f17f9000000,0x00007f17f9000000)
  from space 174592K, 97% used [0x00007f1803a80000,0x00007f180e148c18,0x00007f180e500000)
  to   space 174592K, 0% used [0x00007f17f9000000,0x00007f17f9000000,0x00007f1803a80000)
 ParOldGen       total 2796544K, used 372362K [0x00007efdf9000000, 0x00007efea3b00000, 0x00007f16f9000000)
  object space 2796544K, 13% used [0x00007efdf9000000,0x00007efe0fba2b58,0x00007efea3b00000)
 Metaspace       used 5999K, capacity 6293K, committed 6400K, reserved 8192K
Event: 11.818 GC heap after
Heap after GC invocations=5 (full 0):
 PSYoungGen      total 4368896K, used 163688K [0x00007f16f9000000, 0x00007f1931600000, 0x00007f2379000000)
  eden space 4194304K, 0% used [0x00007f16f9000000,0x00007f16f9000000,0x00007f17f9000000)
  from space 174592K, 93% used [0x00007f17f9000000,0x00007f1802fda0e8,0x00007f1803a80000)
  to   space 461824K, 0% used [0x00007f1915300000,0x00007f1915300000,0x00007f1931600000)
 ParOldGen       total 2796544K, used 372370K [0x00007efdf9000000, 0x00007efea3b00000, 0x00007f16f9000000)
  object space 2796544K, 13% used [0x00007efdf9000000,0x00007efe0fba4b58,0x00007efea3b00000)
 Metaspace       used 5999K, capacity 6293K, committed 6400K, reserved 8192K
}
Event: 12.395 GC heap before
{Heap before GC invocations=6 (full 0):
 PSYoungGen      total 4368896K, used 4357992K [0x00007f16f9000000, 0x00007f1931600000, 0x00007f2379000000)
  eden space 4194304K, 100% used [0x00007f16f9000000,0x00007f17f9000000,0x00007f17f9000000)
  from space 174592K, 93% used [0x00007f17f9000000,0x00007f1802fda0e8,0x00007f1803a80000)
  to   space 461824K, 0% used [0x00007f1915300000,0x00007f1915300000,0x00007f1931600000)
 ParOldGen       total 2796544K, used 372370K [0x00007efdf9000000, 0x00007efea3b00000, 0x00007f16f9000000)
  object space 2796544K, 13% used [0x00007efdf9000000,0x00007efe0fba4b58,0x00007efea3b00000)
 Metaspace       used 6213K, capacity 6549K, committed 6656K, reserved 8192K
Event: 12.652 GC heap after
Heap after GC invocations=6 (full 0):
 PSYoungGen      total 8819712K, used 167425K [0x00007f16f9000000, 0x00007f192f800000, 0x00007f2379000000)
  eden space 8388608K, 0% used [0x00007f16f9000000,0x00007f16f9000000,0x00007f18f9000000)
  from space 431104K, 38% used [0x00007f1915300000,0x00007f191f680630,0x00007f192f800000)
  to   space 446464K, 0% used [0x00007f18f9000000,0x00007f18f9000000,0x00007f1914400000)
 ParOldGen       total 2796544K, used 372370K [0x00007efdf9000000, 0x00007efea3b00000, 0x00007f16f9000000)
  object space 2796544K, 13% used [0x00007efdf9000000,0x00007efe0fba4b58,0x00007efea3b00000)
 Metaspace       used 6213K, capacity 6549K, committed 6656K, reserved 8192K
}
Event: 19.922 GC heap before
{Heap before GC invocations=7 (full 0):
 PSYoungGen      total 8819712K, used 8556033K [0x00007f16f9000000, 0x00007f192f800000, 0x00007f2379000000)
  eden space 8388608K, 100% used [0x00007f16f9000000,0x00007f18f9000000,0x00007f18f9000000)
  from space 431104K, 38% used [0x00007f1915300000,0x00007f191f680630,0x00007f192f800000)
  to   space 446464K, 0% used [0x00007f18f9000000,0x00007f18f9000000,0x00007f1914400000)
 ParOldGen       total 2796544K, used 372370K [0x00007efdf9000000, 0x00007efea3b00000, 0x00007f16f9000000)
  object space 2796544K, 13% used [0x00007efdf9000000,0x00007efe0fba4b58,0x00007efea3b00000)
 Metaspace       used 6214K, capacity 6549K, committed 6656K, reserved 8192K

